<?xml version="1.0" encoding="UTF-8"?>
<!-- Generated by org.testng.reporters.JUnitReportReporter -->
<testsuite hostname="DESKTOP-2U9NDB1" failures="0" tests="2" name="com.comcast.package2.OrgTest" time="0.005" errors="0" timestamp="2025-03-18T14:48:33 IST" skipped="0">
  <testcase classname="com.comcast.package2.OrgTest" name="createOrgTest" time="0.003"/>
  <testcase classname="com.comcast.package2.OrgTest" name="modifyOrgTest" time="0.002"/>
</testsuite> <!-- com.comcast.package2.OrgTest -->
