<?xml version="1.0" encoding="UTF-8"?>
<!-- Generated by org.testng.reporters.JUnitReportReporter -->
<testsuite hostname="DESKTOP-2U9NDB1" failures="0" tests="2" name="com.comcast.package2.OrgTest" time="0.009" errors="0" timestamp="2025-03-17T17:49:38 IST" skipped="0">
  <testcase classname="com.comcast.package2.OrgTest" name="modifyOrgTest" time="0.001"/>
  <testcase classname="com.comcast.package2.OrgTest" name="createOrgTest" time="0.008"/>
</testsuite> <!-- com.comcast.package2.OrgTest -->
