<?xml version="1.0" encoding="UTF-8"?>
<!-- Generated by org.testng.reporters.JUnitReportReporter -->
<testsuite hostname="DESKTOP-2U9NDB1" failures="0" tests="2" name="com.comcast.package1.ContactTest" time="0.026" errors="0" timestamp="2025-03-17T17:43:14 IST" skipped="0">
  <testcase classname="com.comcast.package1.ContactTest" name="modifyContactTest" time="0.004"/>
  <testcase classname="com.comcast.package1.ContactTest" name="createContactTest" time="0.022"/>
</testsuite> <!-- com.comcast.package1.ContactTest -->
